Line 342: Class WMPLibCtl.WindowsMediaPlayer of control WindowsMediaPlayer2 was not a loaded control class.
Line 374: Class WMPLibCtl.WindowsMediaPlayer of control WindowsMediaPlayer1 was not a loaded control class.
Line 348: The property name URL in WindowsMediaPlayer2 is invalid.
Line 349: The property name rate in WindowsMediaPlayer2 is invalid.
Line 350: The property name balance in WindowsMediaPlayer2 is invalid.
Line 351: The property name currentPosition in WindowsMediaPlayer2 is invalid.
Line 352: The property name defaultFrame in WindowsMediaPlayer2 is invalid.
Line 353: The property name playCount in WindowsMediaPlayer2 is invalid.
Line 354: The property name autoStart in WindowsMediaPlayer2 is invalid.
Line 355: The property name currentMarker in WindowsMediaPlayer2 is invalid.
Line 356: The property name invokeURLs in WindowsMediaPlayer2 is invalid.
Line 357: The property name baseURL in WindowsMediaPlayer2 is invalid.
Line 358: The property name volume in WindowsMediaPlayer2 is invalid.
Line 359: The property name mute in WindowsMediaPlayer2 is invalid.
Line 360: The property name uiMode in WindowsMediaPlayer2 is invalid.
Line 361: The property name stretchToFit in WindowsMediaPlayer2 is invalid.
Line 362: The property name windowlessVideo in WindowsMediaPlayer2 is invalid.
Line 364: The property name enableContextMenu in WindowsMediaPlayer2 is invalid.
Line 365: The property name fullScreen in WindowsMediaPlayer2 is invalid.
Line 366: The property name SAMIStyle in WindowsMediaPlayer2 is invalid.
Line 367: The property name SAMILang in WindowsMediaPlayer2 is invalid.
Line 368: The property name SAMIFilename in WindowsMediaPlayer2 is invalid.
Line 369: The property name captioningID in WindowsMediaPlayer2 is invalid.
Line 370: The property name enableErrorDialogs in WindowsMediaPlayer2 is invalid.
Line 371: The property name _cx in WindowsMediaPlayer2 is invalid.
Line 372: The property name _cy in WindowsMediaPlayer2 is invalid.
Line 380: The property name URL in WindowsMediaPlayer1 is invalid.
Line 381: The property name rate in WindowsMediaPlayer1 is invalid.
Line 382: The property name balance in WindowsMediaPlayer1 is invalid.
Line 383: The property name currentPosition in WindowsMediaPlayer1 is invalid.
Line 384: The property name defaultFrame in WindowsMediaPlayer1 is invalid.
Line 385: The property name playCount in WindowsMediaPlayer1 is invalid.
Line 386: The property name autoStart in WindowsMediaPlayer1 is invalid.
Line 387: The property name currentMarker in WindowsMediaPlayer1 is invalid.
Line 388: The property name invokeURLs in WindowsMediaPlayer1 is invalid.
Line 389: The property name baseURL in WindowsMediaPlayer1 is invalid.
Line 390: The property name volume in WindowsMediaPlayer1 is invalid.
Line 391: The property name mute in WindowsMediaPlayer1 is invalid.
Line 392: The property name uiMode in WindowsMediaPlayer1 is invalid.
Line 393: The property name stretchToFit in WindowsMediaPlayer1 is invalid.
Line 394: The property name windowlessVideo in WindowsMediaPlayer1 is invalid.
Line 396: The property name enableContextMenu in WindowsMediaPlayer1 is invalid.
Line 397: The property name fullScreen in WindowsMediaPlayer1 is invalid.
Line 398: The property name SAMIStyle in WindowsMediaPlayer1 is invalid.
Line 399: The property name SAMILang in WindowsMediaPlayer1 is invalid.
Line 400: The property name SAMIFilename in WindowsMediaPlayer1 is invalid.
Line 401: The property name captioningID in WindowsMediaPlayer1 is invalid.
Line 402: The property name enableErrorDialogs in WindowsMediaPlayer1 is invalid.
Line 403: The property name _cx in WindowsMediaPlayer1 is invalid.
Line 404: The property name _cy in WindowsMediaPlayer1 is invalid.
